SF:lib/modules/home/domain/entities/space_images.dart
DA:9,7
DA:17,2
DA:18,2
DA:19,2
DA:20,2
DA:21,2
DA:22,2
LF:7
LH:7
end_of_record
SF:lib/core/usecase/erros/failures.dart
DA:6,2
DA:7,2
DA:11,1
DA:12,1
LF:4
LH:4
end_of_record
SF:lib/modules/home/domain/usecase/get_space_media_from_date_usecase.dart
DA:11,1
DA:13,1
DA:15,4
LF:3
LH:3
end_of_record
SF:lib/modules/home/presenter/controllers/home_store.dart
DA:8,2
DA:10,1
DA:11,1
DA:12,2
DA:13,5
DA:14,1
LF:6
LH:6
end_of_record
SF:lib/core/usecase/i_usecase.dart
DA:12,0
DA:13,0
LF:2
LH:0
end_of_record
SF:lib/modules/home/data/models/space_media_model.dart
DA:4,5
DA:9,2
DA:16,4
DA:17,2
DA:18,2
DA:19,2
DA:20,2
DA:23,2
DA:24,1
DA:25,1
DA:26,1
DA:27,1
LF:12
LH:12
end_of_record
SF:lib/core/usecase/erros/exceptions.dart
DA:4,1
DA:5,1
LF:2
LH:2
end_of_record
SF:lib/core/utils/date_input_converter.dart
DA:2,0
DA:3,0
DA:4,0
LF:3
LH:0
end_of_record
SF:lib/modules/home/data/datasources/endpoints/space_endpoints.dart
DA:2,3
LF:1
LH:1
end_of_record
SF:lib/modules/home/data/datasources/space_media_datasource.dart
DA:15,1
DA:20,1
DA:22,2
DA:23,3
DA:27,2
DA:28,3
DA:30,1
LF:7
LH:7
end_of_record
SF:lib/modules/home/data/repositories/space_media_repository.dart
DA:14,1
DA:16,1
DA:19,2
DA:20,1
DA:21,1
DA:22,2
LF:6
LH:6
end_of_record
